<?xml version="1.0" encoding="UTF-8"?>
<!-- Generated by org.testng.reporters.JUnitXMLReporter -->
<testsuite hostname="Admin-PC" ignored="0" name="Test" tests="27" failures="3" timestamp="16 Oct 2022 07:49:11 GMT" time="620.417" errors="0">
  <testcase name="verifyUserPageLink_1" time="0.266" classname="allTests.DashboardTest_2"/>
  <testcase name="verifyAutomationAfterSelenium_2" time="0.063" classname="allTests.DashboardTest_2"/>
  <testcase name="verifySoftwareDevelopmentAfterJava_3" time="0.067" classname="allTests.DashboardTest_2"/>
  <testcase name="verifyDataScienceAfterPython_4" time="0.065" classname="allTests.DashboardTest_2"/>
  <testcase name="verifyWebDevelopmentAfterPhp_5" time="0.072" classname="allTests.DashboardTest_2"/>
  <testcase name="verifyOperatorsWithWhatsAppOnly_1" time="0.325" classname="allTests.OperatorsTests_4"/>
  <testcase name="verifyWaysOfContactOfNeelamSeemaVarsha_2" time="0.389" classname="allTests.OperatorsTests_4"/>
  <testcase name="verifyOperatorAvailableOnSuday_3" time="0.283" classname="allTests.OperatorsTests_4"/>
  <testcase name="verifyAdministrationOperator_4" time="0.249" classname="allTests.OperatorsTests_4"/>
  <testcase name="verifyInquiryOperator_5" time="0.252" classname="allTests.OperatorsTests_4"/>
  <testcase name="verifyScheduleButtonClickable_1" time="32.577" classname="allTests.UsefulLinksTests_5"/>
  <testcase name="verifyVideoLecturesButtonClickable_2" time="15.63" classname="allTests.UsefulLinksTests_5"/>
  <testcase name="verifySeleniumInterviewButtonClickable_3" time="16.261" classname="allTests.UsefulLinksTests_5"/>
  <testcase name="verifyJavaInterviewButtonClickable_4" time="16.7" classname="allTests.UsefulLinksTests_5"/>
  <testcase name="verifyCoursesButtonClickable_5" time="30.681" classname="allTests.UsefulLinksTests_5"/>
  <testcase name="verifyPlacementButtonClickable_6" time="19.234" classname="allTests.UsefulLinksTests_5"/>
  <testcase name="verifyTitleOfHomePage_1" time="2.263" classname="allTests.LoginTest_1"/>
  <testcase name="verifyRegisterLink_2" time="0.199" classname="allTests.LoginTest_1"/>
  <testcase name="verifyRegistrationAlertmsg_3" time="3.691" classname="allTests.LoginTest_1"/>
  <testcase name="verifyRegisterBlankPassError_4" time="0.571" classname="allTests.LoginTest_1"/>
  <testcase name="verifyRegisterBlankEmailError_5" time="0.576" classname="allTests.LoginTest_1"/>
  <testcase name="verifyRegisterInvalidEmailError_6" time="0.568" classname="allTests.LoginTest_1"/>
  <testcase name="verifyAllUsersMaharashtra_4" time="0.119" classname="allTests.UsersTest_3">
    <failure type="java.lang.AssertionError" message="expected [true] but found [false]">
      <![CDATA[java.lang.AssertionError: expected [true] but found [false]
at allTests.UsersTest_3.verifyAllUsersMaharashtra_4(UsersTest_3.java:52)
... Removed 29 stack frames]]>
    </failure>
  </testcase> <!-- verifyAllUsersMaharashtra_4 -->
  <testcase name="verifyDeleteButton_5" time="0.165" classname="allTests.UsersTest_3"/>
  <testcase name="verifyEmailHasSpecialCharacter_1" time="0.178" classname="allTests.UsersTest_3"/>
  <testcase name="verifyGenderMaleFemale_3" time="0.157" classname="allTests.UsersTest_3">
    <failure type="java.lang.AssertionError" message="expected [true] but found [false]">
      <![CDATA[java.lang.AssertionError: expected [true] but found [false]
at allTests.UsersTest_3.verifyGenderMaleFemale_3(UsersTest_3.java:46)
... Removed 29 stack frames]]>
    </failure>
  </testcase> <!-- verifyGenderMaleFemale_3 -->
  <testcase name="verifyMobileHasTenDigits_2" time="0.187" classname="allTests.UsersTest_3">
    <failure type="java.lang.AssertionError" message="expected [true] but found [false]">
      <![CDATA[java.lang.AssertionError: expected [true] but found [false]
at allTests.UsersTest_3.verifyMobileHasTenDigits_2(UsersTest_3.java:40)
... Removed 29 stack frames]]>
    </failure>
  </testcase> <!-- verifyMobileHasTenDigits_2 -->
</testsuite> <!-- Test -->
