<!DOCTYPE html PUBLIC "-//W3C//DTD XHTML 1.1//EN" "http://www.w3.org/TR/xhtml11/DTD/xhtml11.dtd">
<html xmlns="http://www.w3.org/1999/xhtml">
<head>
<meta http-equiv="content-type" content="text/html; charset=UTF-8"/>
<title>TestNG Report</title>
<style type="text/css">table {margin-bottom:10px;border-collapse:collapse;empty-cells:show}th,td {border:1px solid #009;padding:.25em .5em}th {vertical-align:bottom}td {vertical-align:top}table a {font-weight:bold}.stripe td {background-color: #E6EBF9}.num {text-align:right}.passedodd td {background-color: #3F3}.passedeven td {background-color: #0A0}.skippedodd td {background-color: #DDD}.skippedeven td {background-color: #CCC}.failedodd td,.attn {background-color: #F33}.failedeven td,.stripe .attn {background-color: #D00}.stacktrace {white-space:pre;font-family:monospace}.totop {font-size:85%;text-align:center;border-bottom:2px solid #000}.invisible {display:none}</style>
</head>
<body>
<table>
<tr><th>Test</th><th># Passed</th><th># Skipped</th><th># Failed</th><th>Time (ms)</th><th>Included Groups</th><th>Excluded Groups</th></tr>
<tr><th colspan="7">Suite</th></tr>
<tr><td><a href="#t0">Test</a></td><td class="num">24</td><td class="num">0</td><td class="num attn">3</td><td class="num">620,417</td><td></td><td></td></tr>
</table>
<table id='summary'><thead><tr><th>Class</th><th>Method</th><th>Start</th><th>Time (ms)</th></tr></thead><tbody><tr><th colspan="4">Suite</th></tr></tbody><tbody id="t0"><tr><th colspan="4">Test &#8212; failed</th></tr><tr class="failedeven"><td rowspan="3">allTests.UsersTest_3</td><td><a href="#m0">verifyAllUsersMaharashtra_4</a></td><td rowspan="1">1665906507019</td><td rowspan="1">119</td></tr><tr class="failedeven"><td><a href="#m1">verifyGenderMaleFemale_3</a></td><td rowspan="1">1665906537299</td><td rowspan="1">157</td></tr><tr class="failedeven"><td><a href="#m2">verifyMobileHasTenDigits_2</a></td><td rowspan="1">1665906549289</td><td rowspan="1">187</td></tr><tr><th colspan="4">Test &#8212; passed</th></tr><tr class="passedeven"><td rowspan="5">allTests.DashboardTest_2</td><td><a href="#m3">verifyAutomationAfterSelenium_2</a></td><td rowspan="1">1665905991561</td><td rowspan="1">63</td></tr><tr class="passedeven"><td><a href="#m4">verifyDataScienceAfterPython_4</a></td><td rowspan="1">1665906051384</td><td rowspan="1">65</td></tr><tr class="passedeven"><td><a href="#m5">verifySoftwareDevelopmentAfterJava_3</a></td><td rowspan="1">1665906026547</td><td rowspan="1">67</td></tr><tr class="passedeven"><td><a href="#m6">verifyUserPageLink_1</a></td><td rowspan="1">1665905967467</td><td rowspan="1">266</td></tr><tr class="passedeven"><td><a href="#m7">verifyWebDevelopmentAfterPhp_5</a></td><td rowspan="1">1665906079021</td><td rowspan="1">72</td></tr><tr class="passedodd"><td rowspan="6">allTests.LoginTest_1</td><td><a href="#m8">verifyRegisterBlankEmailError_5</a></td><td rowspan="1">1665906488941</td><td rowspan="1">576</td></tr><tr class="passedodd"><td><a href="#m9">verifyRegisterBlankPassError_4</a></td><td rowspan="1">1665906481131</td><td rowspan="1">571</td></tr><tr class="passedodd"><td><a href="#m10">verifyRegisterInvalidEmailError_6</a></td><td rowspan="1">1665906496792</td><td rowspan="1">568</td></tr><tr class="passedodd"><td><a href="#m11">verifyRegisterLink_2</a></td><td rowspan="1">1665906461788</td><td rowspan="1">199</td></tr><tr class="passedodd"><td><a href="#m12">verifyRegistrationAlertmsg_3</a></td><td rowspan="1">1665906469830</td><td rowspan="1">3691</td></tr><tr class="passedodd"><td><a href="#m13">verifyTitleOfHomePage_1</a></td><td rowspan="1">1665906452470</td><td rowspan="1">2263</td></tr><tr class="passedeven"><td rowspan="5">allTests.OperatorsTests_4</td><td><a href="#m14">verifyAdministrationOperator_4</a></td><td rowspan="1">1665906184568</td><td rowspan="1">249</td></tr><tr class="passedeven"><td><a href="#m15">verifyInquiryOperator_5</a></td><td rowspan="1">1665906211671</td><td rowspan="1">252</td></tr><tr class="passedeven"><td><a href="#m16">verifyOperatorAvailableOnSuday_3</a></td><td rowspan="1">1665906161088</td><td rowspan="1">283</td></tr><tr class="passedeven"><td><a href="#m17">verifyOperatorsWithWhatsAppOnly_1</a></td><td rowspan="1">1665906108687</td><td rowspan="1">325</td></tr><tr class="passedeven"><td><a href="#m18">verifyWaysOfContactOfNeelamSeemaVarsha_2</a></td><td rowspan="1">1665906137891</td><td rowspan="1">389</td></tr><tr class="passedodd"><td rowspan="6">allTests.UsefulLinksTests_5</td><td><a href="#m19">verifyCoursesButtonClickable_5</a></td><td rowspan="1">1665906378848</td><td rowspan="1">30681</td></tr><tr class="passedodd"><td><a href="#m20">verifyJavaInterviewButtonClickable_4</a></td><td rowspan="1">1665906346274</td><td rowspan="1">16700</td></tr><tr class="passedodd"><td><a href="#m21">verifyPlacementButtonClickable_6</a></td><td rowspan="1">1665906424132</td><td rowspan="1">19234</td></tr><tr class="passedodd"><td><a href="#m22">verifyScheduleButtonClickable_1</a></td><td rowspan="1">1665906236211</td><td rowspan="1">32577</td></tr><tr class="passedodd"><td><a href="#m23">verifySeleniumInterviewButtonClickable_3</a></td><td rowspan="1">1665906316388</td><td rowspan="1">16261</td></tr><tr class="passedodd"><td><a href="#m24">verifyVideoLecturesButtonClickable_2</a></td><td rowspan="1">1665906284826</td><td rowspan="1">15630</td></tr><tr class="passedeven"><td rowspan="2">allTests.UsersTest_3</td><td><a href="#m25">verifyDeleteButton_5</a></td><td rowspan="1">1665906517503</td><td rowspan="1">165</td></tr><tr class="passedeven"><td><a href="#m26">verifyEmailHasSpecialCharacter_1</a></td><td rowspan="1">1665906527343</td><td rowspan="1">178</td></tr></tbody>
</table>
<h2>Test</h2><h3 id="m0">allTests.UsersTest_3#verifyAllUsersMaharashtra_4</h3><table class="result"><tr><th>Exception</th></tr><tr><td><div class="stacktrace">java.lang.AssertionError: expected [true] but found [false]
	at allTests.UsersTest_3.verifyAllUsersMaharashtra_4(UsersTest_3.java:52)
... Removed 29 stack frames</div></td></tr></table><p class="totop"><a href="#summary">back to summary</a></p>
<h3 id="m1">allTests.UsersTest_3#verifyGenderMaleFemale_3</h3><table class="result"><tr><th>Exception</th></tr><tr><td><div class="stacktrace">java.lang.AssertionError: expected [true] but found [false]
	at allTests.UsersTest_3.verifyGenderMaleFemale_3(UsersTest_3.java:46)
... Removed 29 stack frames</div></td></tr></table><p class="totop"><a href="#summary">back to summary</a></p>
<h3 id="m2">allTests.UsersTest_3#verifyMobileHasTenDigits_2</h3><table class="result"><tr><th>Exception</th></tr><tr><td><div class="stacktrace">java.lang.AssertionError: expected [true] but found [false]
	at allTests.UsersTest_3.verifyMobileHasTenDigits_2(UsersTest_3.java:40)
... Removed 29 stack frames</div></td></tr></table><p class="totop"><a href="#summary">back to summary</a></p>
<h3 id="m3">allTests.DashboardTest_2#verifyAutomationAfterSelenium_2</h3><table class="result"><tr><th class="invisible"/></tr></table><p class="totop"><a href="#summary">back to summary</a></p>
<h3 id="m4">allTests.DashboardTest_2#verifyDataScienceAfterPython_4</h3><table class="result"><tr><th class="invisible"/></tr></table><p class="totop"><a href="#summary">back to summary</a></p>
<h3 id="m5">allTests.DashboardTest_2#verifySoftwareDevelopmentAfterJava_3</h3><table class="result"><tr><th class="invisible"/></tr></table><p class="totop"><a href="#summary">back to summary</a></p>
<h3 id="m6">allTests.DashboardTest_2#verifyUserPageLink_1</h3><table class="result"><tr><th class="invisible"/></tr></table><p class="totop"><a href="#summary">back to summary</a></p>
<h3 id="m7">allTests.DashboardTest_2#verifyWebDevelopmentAfterPhp_5</h3><table class="result"><tr><th class="invisible"/></tr></table><p class="totop"><a href="#summary">back to summary</a></p>
<h3 id="m8">allTests.LoginTest_1#verifyRegisterBlankEmailError_5</h3><table class="result"><tr><th class="invisible"/></tr></table><p class="totop"><a href="#summary">back to summary</a></p>
<h3 id="m9">allTests.LoginTest_1#verifyRegisterBlankPassError_4</h3><table class="result"><tr><th class="invisible"/></tr></table><p class="totop"><a href="#summary">back to summary</a></p>
<h3 id="m10">allTests.LoginTest_1#verifyRegisterInvalidEmailError_6</h3><table class="result"><tr><th class="invisible"/></tr></table><p class="totop"><a href="#summary">back to summary</a></p>
<h3 id="m11">allTests.LoginTest_1#verifyRegisterLink_2</h3><table class="result"><tr><th class="invisible"/></tr></table><p class="totop"><a href="#summary">back to summary</a></p>
<h3 id="m12">allTests.LoginTest_1#verifyRegistrationAlertmsg_3</h3><table class="result"><tr><th class="invisible"/></tr></table><p class="totop"><a href="#summary">back to summary</a></p>
<h3 id="m13">allTests.LoginTest_1#verifyTitleOfHomePage_1</h3><table class="result"><tr><th class="invisible"/></tr></table><p class="totop"><a href="#summary">back to summary</a></p>
<h3 id="m14">allTests.OperatorsTests_4#verifyAdministrationOperator_4</h3><table class="result"><tr><th class="invisible"/></tr></table><p class="totop"><a href="#summary">back to summary</a></p>
<h3 id="m15">allTests.OperatorsTests_4#verifyInquiryOperator_5</h3><table class="result"><tr><th class="invisible"/></tr></table><p class="totop"><a href="#summary">back to summary</a></p>
<h3 id="m16">allTests.OperatorsTests_4#verifyOperatorAvailableOnSuday_3</h3><table class="result"><tr><th class="invisible"/></tr></table><p class="totop"><a href="#summary">back to summary</a></p>
<h3 id="m17">allTests.OperatorsTests_4#verifyOperatorsWithWhatsAppOnly_1</h3><table class="result"><tr><th class="invisible"/></tr></table><p class="totop"><a href="#summary">back to summary</a></p>
<h3 id="m18">allTests.OperatorsTests_4#verifyWaysOfContactOfNeelamSeemaVarsha_2</h3><table class="result"><tr><th class="invisible"/></tr></table><p class="totop"><a href="#summary">back to summary</a></p>
<h3 id="m19">allTests.UsefulLinksTests_5#verifyCoursesButtonClickable_5</h3><table class="result"><tr><th class="invisible"/></tr></table><p class="totop"><a href="#summary">back to summary</a></p>
<h3 id="m20">allTests.UsefulLinksTests_5#verifyJavaInterviewButtonClickable_4</h3><table class="result"><tr><th class="invisible"/></tr></table><p class="totop"><a href="#summary">back to summary</a></p>
<h3 id="m21">allTests.UsefulLinksTests_5#verifyPlacementButtonClickable_6</h3><table class="result"><tr><th class="invisible"/></tr></table><p class="totop"><a href="#summary">back to summary</a></p>
<h3 id="m22">allTests.UsefulLinksTests_5#verifyScheduleButtonClickable_1</h3><table class="result"><tr><th class="invisible"/></tr></table><p class="totop"><a href="#summary">back to summary</a></p>
<h3 id="m23">allTests.UsefulLinksTests_5#verifySeleniumInterviewButtonClickable_3</h3><table class="result"><tr><th class="invisible"/></tr></table><p class="totop"><a href="#summary">back to summary</a></p>
<h3 id="m24">allTests.UsefulLinksTests_5#verifyVideoLecturesButtonClickable_2</h3><table class="result"><tr><th class="invisible"/></tr></table><p class="totop"><a href="#summary">back to summary</a></p>
<h3 id="m25">allTests.UsersTest_3#verifyDeleteButton_5</h3><table class="result"><tr><th class="invisible"/></tr></table><p class="totop"><a href="#summary">back to summary</a></p>
<h3 id="m26">allTests.UsersTest_3#verifyEmailHasSpecialCharacter_1</h3><table class="result"><tr><th class="invisible"/></tr></table><p class="totop"><a href="#summary">back to summary</a></p>
</body>
</html>
