<?xml version="1.0" encoding="UTF-8"?>
<testng-results skipped="0" failed="3" ignored="0" total="27" passed="24">
  <reporter-output>
  </reporter-output>
  <suite name="Suite" duration-ms="620417" started-at="2022-10-16T07:38:51Z" finished-at="2022-10-16T07:49:11Z">
    <groups>
    </groups>
    <test name="Test" duration-ms="620417" started-at="2022-10-16T07:38:51Z" finished-at="2022-10-16T07:49:11Z">
      <class name="allTests.OperatorsTests_4">
        <test-method status="PASS" signature="setUp()[pri:0, instance:allTests.OperatorsTests_4@2f177a4b]" name="setUp" is-config="true" duration-ms="27128" started-at="2022-10-16T07:41:21Z" finished-at="2022-10-16T07:41:48Z">
          <reporter-output>
          </reporter-output>
        </test-method> <!-- setUp -->
        <test-method status="PASS" signature="verifyOperatorsWithWhatsAppOnly_1()[pri:0, instance:allTests.OperatorsTests_4@2f177a4b]" name="verifyOperatorsWithWhatsAppOnly_1" duration-ms="325" started-at="2022-10-16T07:41:48Z" finished-at="2022-10-16T07:41:49Z">
          <reporter-output>
          </reporter-output>
        </test-method> <!-- verifyOperatorsWithWhatsAppOnly_1 -->
        <test-method status="PASS" signature="tearDown()[pri:0, instance:allTests.OperatorsTests_4@2f177a4b]" name="tearDown" is-config="true" duration-ms="2598" started-at="2022-10-16T07:41:49Z" finished-at="2022-10-16T07:41:51Z">
          <reporter-output>
          </reporter-output>
        </test-method> <!-- tearDown -->
        <test-method status="PASS" signature="setUp()[pri:0, instance:allTests.OperatorsTests_4@2f177a4b]" name="setUp" is-config="true" duration-ms="26278" started-at="2022-10-16T07:41:51Z" finished-at="2022-10-16T07:42:17Z">
          <reporter-output>
          </reporter-output>
        </test-method> <!-- setUp -->
        <test-method status="PASS" signature="verifyWaysOfContactOfNeelamSeemaVarsha_2()[pri:0, instance:allTests.OperatorsTests_4@2f177a4b]" name="verifyWaysOfContactOfNeelamSeemaVarsha_2" duration-ms="389" started-at="2022-10-16T07:42:17Z" depends-on-methods="allTests.OperatorsTests_4.verifyOperatorsWithWhatsAppOnly_1" finished-at="2022-10-16T07:42:18Z">
          <reporter-output>
          </reporter-output>
        </test-method> <!-- verifyWaysOfContactOfNeelamSeemaVarsha_2 -->
        <test-method status="PASS" signature="tearDown()[pri:0, instance:allTests.OperatorsTests_4@2f177a4b]" name="tearDown" is-config="true" duration-ms="2219" started-at="2022-10-16T07:42:18Z" finished-at="2022-10-16T07:42:20Z">
          <reporter-output>
          </reporter-output>
        </test-method> <!-- tearDown -->
        <test-method status="PASS" signature="setUp()[pri:0, instance:allTests.OperatorsTests_4@2f177a4b]" name="setUp" is-config="true" duration-ms="20587" started-at="2022-10-16T07:42:20Z" finished-at="2022-10-16T07:42:41Z">
          <reporter-output>
          </reporter-output>
        </test-method> <!-- setUp -->
        <test-method status="PASS" signature="verifyOperatorAvailableOnSuday_3()[pri:0, instance:allTests.OperatorsTests_4@2f177a4b]" name="verifyOperatorAvailableOnSuday_3" duration-ms="283" started-at="2022-10-16T07:42:41Z" depends-on-methods="allTests.OperatorsTests_4.verifyWaysOfContactOfNeelamSeemaVarsha_2" finished-at="2022-10-16T07:42:41Z">
          <reporter-output>
          </reporter-output>
        </test-method> <!-- verifyOperatorAvailableOnSuday_3 -->
        <test-method status="PASS" signature="tearDown()[pri:0, instance:allTests.OperatorsTests_4@2f177a4b]" name="tearDown" is-config="true" duration-ms="2324" started-at="2022-10-16T07:42:41Z" finished-at="2022-10-16T07:42:43Z">
          <reporter-output>
          </reporter-output>
        </test-method> <!-- tearDown -->
        <test-method status="PASS" signature="setUp()[pri:0, instance:allTests.OperatorsTests_4@2f177a4b]" name="setUp" is-config="true" duration-ms="20869" started-at="2022-10-16T07:42:43Z" finished-at="2022-10-16T07:43:04Z">
          <reporter-output>
          </reporter-output>
        </test-method> <!-- setUp -->
        <test-method status="PASS" signature="verifyAdministrationOperator_4()[pri:0, instance:allTests.OperatorsTests_4@2f177a4b]" name="verifyAdministrationOperator_4" duration-ms="249" started-at="2022-10-16T07:43:04Z" depends-on-methods="allTests.OperatorsTests_4.verifyOperatorAvailableOnSuday_3" finished-at="2022-10-16T07:43:04Z">
          <reporter-output>
          </reporter-output>
        </test-method> <!-- verifyAdministrationOperator_4 -->
        <test-method status="PASS" signature="tearDown()[pri:0, instance:allTests.OperatorsTests_4@2f177a4b]" name="tearDown" is-config="true" duration-ms="3833" started-at="2022-10-16T07:43:04Z" finished-at="2022-10-16T07:43:08Z">
          <reporter-output>
          </reporter-output>
        </test-method> <!-- tearDown -->
        <test-method status="PASS" signature="setUp()[pri:0, instance:allTests.OperatorsTests_4@2f177a4b]" name="setUp" is-config="true" duration-ms="23019" started-at="2022-10-16T07:43:08Z" finished-at="2022-10-16T07:43:31Z">
          <reporter-output>
          </reporter-output>
        </test-method> <!-- setUp -->
        <test-method status="PASS" signature="verifyInquiryOperator_5()[pri:0, instance:allTests.OperatorsTests_4@2f177a4b]" name="verifyInquiryOperator_5" duration-ms="252" started-at="2022-10-16T07:43:31Z" depends-on-methods="allTests.OperatorsTests_4.verifyAdministrationOperator_4" finished-at="2022-10-16T07:43:31Z">
          <reporter-output>
          </reporter-output>
        </test-method> <!-- verifyInquiryOperator_5 -->
        <test-method status="PASS" signature="tearDown()[pri:0, instance:allTests.OperatorsTests_4@2f177a4b]" name="tearDown" is-config="true" duration-ms="2471" started-at="2022-10-16T07:43:31Z" finished-at="2022-10-16T07:43:34Z">
          <reporter-output>
          </reporter-output>
        </test-method> <!-- tearDown -->
      </class> <!-- allTests.OperatorsTests_4 -->
      <class name="allTests.LoginTest_1">
        <test-method status="PASS" signature="setUp()[pri:0, instance:allTests.LoginTest_1@147ed70f]" name="setUp" is-config="true" duration-ms="6284" started-at="2022-10-16T07:47:26Z" finished-at="2022-10-16T07:47:32Z">
          <reporter-output>
          </reporter-output>
        </test-method> <!-- setUp -->
        <test-method status="PASS" signature="verifyTitleOfHomePage_1()[pri:0, instance:allTests.LoginTest_1@147ed70f]" name="verifyTitleOfHomePage_1" duration-ms="2263" started-at="2022-10-16T07:47:32Z" finished-at="2022-10-16T07:47:34Z">
          <reporter-output>
          </reporter-output>
        </test-method> <!-- verifyTitleOfHomePage_1 -->
        <test-method status="PASS" signature="tearDown()[pri:0, instance:allTests.LoginTest_1@147ed70f]" name="tearDown" is-config="true" duration-ms="2142" started-at="2022-10-16T07:47:34Z" finished-at="2022-10-16T07:47:36Z">
          <reporter-output>
          </reporter-output>
        </test-method> <!-- tearDown -->
        <test-method status="PASS" signature="setUp()[pri:0, instance:allTests.LoginTest_1@147ed70f]" name="setUp" is-config="true" duration-ms="4908" started-at="2022-10-16T07:47:36Z" finished-at="2022-10-16T07:47:41Z">
          <reporter-output>
          </reporter-output>
        </test-method> <!-- setUp -->
        <test-method status="PASS" signature="verifyRegisterLink_2()[pri:0, instance:allTests.LoginTest_1@147ed70f]" name="verifyRegisterLink_2" duration-ms="199" started-at="2022-10-16T07:47:41Z" depends-on-methods="allTests.LoginTest_1.verifyTitleOfHomePage_1" finished-at="2022-10-16T07:47:41Z">
          <reporter-output>
          </reporter-output>
        </test-method> <!-- verifyRegisterLink_2 -->
        <test-method status="PASS" signature="tearDown()[pri:0, instance:allTests.LoginTest_1@147ed70f]" name="tearDown" is-config="true" duration-ms="2181" started-at="2022-10-16T07:47:41Z" finished-at="2022-10-16T07:47:44Z">
          <reporter-output>
          </reporter-output>
        </test-method> <!-- tearDown -->
        <test-method status="PASS" signature="setUp()[pri:0, instance:allTests.LoginTest_1@147ed70f]" name="setUp" is-config="true" duration-ms="5660" started-at="2022-10-16T07:47:44Z" finished-at="2022-10-16T07:47:49Z">
          <reporter-output>
          </reporter-output>
        </test-method> <!-- setUp -->
        <test-method status="PASS" signature="verifyRegistrationAlertmsg_3()[pri:0, instance:allTests.LoginTest_1@147ed70f]" name="verifyRegistrationAlertmsg_3" duration-ms="3691" started-at="2022-10-16T07:47:49Z" depends-on-methods="allTests.LoginTest_1.verifyRegisterLink_2" finished-at="2022-10-16T07:47:53Z">
          <reporter-output>
          </reporter-output>
        </test-method> <!-- verifyRegistrationAlertmsg_3 -->
        <test-method status="PASS" signature="tearDown()[pri:0, instance:allTests.LoginTest_1@147ed70f]" name="tearDown" is-config="true" duration-ms="2259" started-at="2022-10-16T07:47:53Z" finished-at="2022-10-16T07:47:55Z">
          <reporter-output>
          </reporter-output>
        </test-method> <!-- tearDown -->
        <test-method status="PASS" signature="setUp()[pri:0, instance:allTests.LoginTest_1@147ed70f]" name="setUp" is-config="true" duration-ms="5345" started-at="2022-10-16T07:47:55Z" finished-at="2022-10-16T07:48:01Z">
          <reporter-output>
          </reporter-output>
        </test-method> <!-- setUp -->
        <test-method status="PASS" signature="verifyRegisterBlankPassError_4()[pri:0, instance:allTests.LoginTest_1@147ed70f]" name="verifyRegisterBlankPassError_4" duration-ms="571" started-at="2022-10-16T07:48:01Z" depends-on-methods="allTests.LoginTest_1.verifyRegistrationAlertmsg_3" finished-at="2022-10-16T07:48:01Z">
          <reporter-output>
          </reporter-output>
        </test-method> <!-- verifyRegisterBlankPassError_4 -->
        <test-method status="PASS" signature="tearDown()[pri:0, instance:allTests.LoginTest_1@147ed70f]" name="tearDown" is-config="true" duration-ms="2070" started-at="2022-10-16T07:48:01Z" finished-at="2022-10-16T07:48:03Z">
          <reporter-output>
          </reporter-output>
        </test-method> <!-- tearDown -->
        <test-method status="PASS" signature="setUp()[pri:0, instance:allTests.LoginTest_1@147ed70f]" name="setUp" is-config="true" duration-ms="5167" started-at="2022-10-16T07:48:03Z" finished-at="2022-10-16T07:48:08Z">
          <reporter-output>
          </reporter-output>
        </test-method> <!-- setUp -->
        <test-method status="PASS" signature="verifyRegisterBlankEmailError_5()[pri:0, instance:allTests.LoginTest_1@147ed70f]" name="verifyRegisterBlankEmailError_5" duration-ms="576" started-at="2022-10-16T07:48:08Z" depends-on-methods="allTests.LoginTest_1.verifyRegisterBlankPassError_4" finished-at="2022-10-16T07:48:09Z">
          <reporter-output>
          </reporter-output>
        </test-method> <!-- verifyRegisterBlankEmailError_5 -->
        <test-method status="PASS" signature="tearDown()[pri:0, instance:allTests.LoginTest_1@147ed70f]" name="tearDown" is-config="true" duration-ms="2203" started-at="2022-10-16T07:48:09Z" finished-at="2022-10-16T07:48:11Z">
          <reporter-output>
          </reporter-output>
        </test-method> <!-- tearDown -->
        <test-method status="PASS" signature="setUp()[pri:0, instance:allTests.LoginTest_1@147ed70f]" name="setUp" is-config="true" duration-ms="5068" started-at="2022-10-16T07:48:11Z" finished-at="2022-10-16T07:48:16Z">
          <reporter-output>
          </reporter-output>
        </test-method> <!-- setUp -->
        <test-method status="PASS" signature="verifyRegisterInvalidEmailError_6()[pri:0, instance:allTests.LoginTest_1@147ed70f]" name="verifyRegisterInvalidEmailError_6" duration-ms="568" started-at="2022-10-16T07:48:16Z" depends-on-methods="allTests.LoginTest_1.verifyRegisterBlankEmailError_5" finished-at="2022-10-16T07:48:17Z">
          <reporter-output>
          </reporter-output>
        </test-method> <!-- verifyRegisterInvalidEmailError_6 -->
        <test-method status="PASS" signature="tearDown()[pri:0, instance:allTests.LoginTest_1@147ed70f]" name="tearDown" is-config="true" duration-ms="2097" started-at="2022-10-16T07:48:17Z" finished-at="2022-10-16T07:48:19Z">
          <reporter-output>
          </reporter-output>
        </test-method> <!-- tearDown -->
      </class> <!-- allTests.LoginTest_1 -->
      <class name="allTests.DashboardTest_2">
        <test-method status="PASS" signature="setUp()[pri:0, instance:allTests.DashboardTest_2@29176cc1]" name="setUp" is-config="true" duration-ms="35693" started-at="2022-10-16T07:38:51Z" finished-at="2022-10-16T07:39:27Z">
          <reporter-output>
          </reporter-output>
        </test-method> <!-- setUp -->
        <test-method status="PASS" signature="verifyUserPageLink_1()[pri:0, instance:allTests.DashboardTest_2@29176cc1]" name="verifyUserPageLink_1" duration-ms="266" started-at="2022-10-16T07:39:27Z" finished-at="2022-10-16T07:39:27Z">
          <reporter-output>
          </reporter-output>
        </test-method> <!-- verifyUserPageLink_1 -->
        <test-method status="PASS" signature="tearDown()[pri:0, instance:allTests.DashboardTest_2@29176cc1]" name="tearDown" is-config="true" duration-ms="3214" started-at="2022-10-16T07:39:27Z" finished-at="2022-10-16T07:39:30Z">
          <reporter-output>
          </reporter-output>
        </test-method> <!-- tearDown -->
        <test-method status="PASS" signature="setUp()[pri:0, instance:allTests.DashboardTest_2@29176cc1]" name="setUp" is-config="true" duration-ms="20604" started-at="2022-10-16T07:39:30Z" finished-at="2022-10-16T07:39:51Z">
          <reporter-output>
          </reporter-output>
        </test-method> <!-- setUp -->
        <test-method status="PASS" signature="verifyAutomationAfterSelenium_2()[pri:0, instance:allTests.DashboardTest_2@29176cc1]" name="verifyAutomationAfterSelenium_2" duration-ms="63" started-at="2022-10-16T07:39:51Z" depends-on-methods="allTests.DashboardTest_2.verifyUserPageLink_1" finished-at="2022-10-16T07:39:51Z">
          <reporter-output>
          </reporter-output>
        </test-method> <!-- verifyAutomationAfterSelenium_2 -->
        <test-method status="PASS" signature="tearDown()[pri:0, instance:allTests.DashboardTest_2@29176cc1]" name="tearDown" is-config="true" duration-ms="2171" started-at="2022-10-16T07:39:51Z" finished-at="2022-10-16T07:39:53Z">
          <reporter-output>
          </reporter-output>
        </test-method> <!-- tearDown -->
        <test-method status="PASS" signature="setUp()[pri:0, instance:allTests.DashboardTest_2@29176cc1]" name="setUp" is-config="true" duration-ms="32740" started-at="2022-10-16T07:39:53Z" finished-at="2022-10-16T07:40:26Z">
          <reporter-output>
          </reporter-output>
        </test-method> <!-- setUp -->
        <test-method status="PASS" signature="verifySoftwareDevelopmentAfterJava_3()[pri:0, instance:allTests.DashboardTest_2@29176cc1]" name="verifySoftwareDevelopmentAfterJava_3" duration-ms="67" started-at="2022-10-16T07:40:26Z" depends-on-methods="allTests.DashboardTest_2.verifyAutomationAfterSelenium_2" finished-at="2022-10-16T07:40:26Z">
          <reporter-output>
          </reporter-output>
        </test-method> <!-- verifySoftwareDevelopmentAfterJava_3 -->
        <test-method status="PASS" signature="tearDown()[pri:0, instance:allTests.DashboardTest_2@29176cc1]" name="tearDown" is-config="true" duration-ms="2362" started-at="2022-10-16T07:40:26Z" finished-at="2022-10-16T07:40:28Z">
          <reporter-output>
          </reporter-output>
        </test-method> <!-- tearDown -->
        <test-method status="PASS" signature="setUp()[pri:0, instance:allTests.DashboardTest_2@29176cc1]" name="setUp" is-config="true" duration-ms="22405" started-at="2022-10-16T07:40:28Z" finished-at="2022-10-16T07:40:51Z">
          <reporter-output>
          </reporter-output>
        </test-method> <!-- setUp -->
        <test-method status="PASS" signature="verifyDataScienceAfterPython_4()[pri:0, instance:allTests.DashboardTest_2@29176cc1]" name="verifyDataScienceAfterPython_4" duration-ms="65" started-at="2022-10-16T07:40:51Z" depends-on-methods="allTests.DashboardTest_2.verifySoftwareDevelopmentAfterJava_3" finished-at="2022-10-16T07:40:51Z">
          <reporter-output>
          </reporter-output>
        </test-method> <!-- verifyDataScienceAfterPython_4 -->
        <test-method status="PASS" signature="tearDown()[pri:0, instance:allTests.DashboardTest_2@29176cc1]" name="tearDown" is-config="true" duration-ms="2778" started-at="2022-10-16T07:40:51Z" finished-at="2022-10-16T07:40:54Z">
          <reporter-output>
          </reporter-output>
        </test-method> <!-- tearDown -->
        <test-method status="PASS" signature="setUp()[pri:0, instance:allTests.DashboardTest_2@29176cc1]" name="setUp" is-config="true" duration-ms="24788" started-at="2022-10-16T07:40:54Z" finished-at="2022-10-16T07:41:19Z">
          <reporter-output>
          </reporter-output>
        </test-method> <!-- setUp -->
        <test-method status="PASS" signature="verifyWebDevelopmentAfterPhp_5()[pri:0, instance:allTests.DashboardTest_2@29176cc1]" name="verifyWebDevelopmentAfterPhp_5" duration-ms="72" started-at="2022-10-16T07:41:19Z" depends-on-methods="allTests.DashboardTest_2.verifyDataScienceAfterPython_4" finished-at="2022-10-16T07:41:19Z">
          <reporter-output>
          </reporter-output>
        </test-method> <!-- verifyWebDevelopmentAfterPhp_5 -->
        <test-method status="PASS" signature="tearDown()[pri:0, instance:allTests.DashboardTest_2@29176cc1]" name="tearDown" is-config="true" duration-ms="2463" started-at="2022-10-16T07:41:19Z" finished-at="2022-10-16T07:41:21Z">
          <reporter-output>
          </reporter-output>
        </test-method> <!-- tearDown -->
      </class> <!-- allTests.DashboardTest_2 -->
      <class name="allTests.UsefulLinksTests_5">
        <test-method status="PASS" signature="SetUp()[pri:0, instance:allTests.UsefulLinksTests_5@4278a03f]" name="SetUp" is-config="true" duration-ms="21815" started-at="2022-10-16T07:43:34Z" finished-at="2022-10-16T07:43:56Z">
          <reporter-output>
          </reporter-output>
        </test-method> <!-- SetUp -->
        <test-method status="PASS" signature="verifyScheduleButtonClickable_1()[pri:0, instance:allTests.UsefulLinksTests_5@4278a03f]" name="verifyScheduleButtonClickable_1" duration-ms="32577" started-at="2022-10-16T07:43:56Z" finished-at="2022-10-16T07:44:28Z">
          <reporter-output>
          </reporter-output>
        </test-method> <!-- verifyScheduleButtonClickable_1 -->
        <test-method status="PASS" signature="last()[pri:0, instance:allTests.UsefulLinksTests_5@4278a03f]" name="last" is-config="true" duration-ms="4124" started-at="2022-10-16T07:44:28Z" finished-at="2022-10-16T07:44:32Z">
          <reporter-output>
          </reporter-output>
        </test-method> <!-- last -->
        <test-method status="PASS" signature="SetUp()[pri:0, instance:allTests.UsefulLinksTests_5@4278a03f]" name="SetUp" is-config="true" duration-ms="11910" started-at="2022-10-16T07:44:32Z" finished-at="2022-10-16T07:44:44Z">
          <reporter-output>
          </reporter-output>
        </test-method> <!-- SetUp -->
        <test-method status="PASS" signature="verifyVideoLecturesButtonClickable_2()[pri:0, instance:allTests.UsefulLinksTests_5@4278a03f]" name="verifyVideoLecturesButtonClickable_2" duration-ms="15630" started-at="2022-10-16T07:44:44Z" depends-on-methods="allTests.UsefulLinksTests_5.verifyScheduleButtonClickable_1" finished-at="2022-10-16T07:45:00Z">
          <reporter-output>
          </reporter-output>
        </test-method> <!-- verifyVideoLecturesButtonClickable_2 -->
        <test-method status="PASS" signature="last()[pri:0, instance:allTests.UsefulLinksTests_5@4278a03f]" name="last" is-config="true" duration-ms="3293" started-at="2022-10-16T07:45:00Z" finished-at="2022-10-16T07:45:03Z">
          <reporter-output>
          </reporter-output>
        </test-method> <!-- last -->
        <test-method status="PASS" signature="SetUp()[pri:0, instance:allTests.UsefulLinksTests_5@4278a03f]" name="SetUp" is-config="true" duration-ms="12636" started-at="2022-10-16T07:45:03Z" finished-at="2022-10-16T07:45:16Z">
          <reporter-output>
          </reporter-output>
        </test-method> <!-- SetUp -->
        <test-method status="PASS" signature="verifySeleniumInterviewButtonClickable_3()[pri:0, instance:allTests.UsefulLinksTests_5@4278a03f]" name="verifySeleniumInterviewButtonClickable_3" duration-ms="16261" started-at="2022-10-16T07:45:16Z" depends-on-methods="allTests.UsefulLinksTests_5.verifyVideoLecturesButtonClickable_2" finished-at="2022-10-16T07:45:32Z">
          <reporter-output>
          </reporter-output>
        </test-method> <!-- verifySeleniumInterviewButtonClickable_3 -->
        <test-method status="PASS" signature="last()[pri:0, instance:allTests.UsefulLinksTests_5@4278a03f]" name="last" is-config="true" duration-ms="3190" started-at="2022-10-16T07:45:32Z" finished-at="2022-10-16T07:45:35Z">
          <reporter-output>
          </reporter-output>
        </test-method> <!-- last -->
        <test-method status="PASS" signature="SetUp()[pri:0, instance:allTests.UsefulLinksTests_5@4278a03f]" name="SetUp" is-config="true" duration-ms="10432" started-at="2022-10-16T07:45:35Z" finished-at="2022-10-16T07:45:46Z">
          <reporter-output>
          </reporter-output>
        </test-method> <!-- SetUp -->
        <test-method status="PASS" signature="verifyJavaInterviewButtonClickable_4()[pri:0, instance:allTests.UsefulLinksTests_5@4278a03f]" name="verifyJavaInterviewButtonClickable_4" duration-ms="16700" started-at="2022-10-16T07:45:46Z" depends-on-methods="allTests.UsefulLinksTests_5.verifySeleniumInterviewButtonClickable_3" finished-at="2022-10-16T07:46:02Z">
          <reporter-output>
          </reporter-output>
        </test-method> <!-- verifyJavaInterviewButtonClickable_4 -->
        <test-method status="PASS" signature="last()[pri:0, instance:allTests.UsefulLinksTests_5@4278a03f]" name="last" is-config="true" duration-ms="3621" started-at="2022-10-16T07:46:02Z" finished-at="2022-10-16T07:46:06Z">
          <reporter-output>
          </reporter-output>
        </test-method> <!-- last -->
        <test-method status="PASS" signature="SetUp()[pri:0, instance:allTests.UsefulLinksTests_5@4278a03f]" name="SetUp" is-config="true" duration-ms="12244" started-at="2022-10-16T07:46:06Z" finished-at="2022-10-16T07:46:18Z">
          <reporter-output>
          </reporter-output>
        </test-method> <!-- SetUp -->
        <test-method status="PASS" signature="verifyCoursesButtonClickable_5()[pri:0, instance:allTests.UsefulLinksTests_5@4278a03f]" name="verifyCoursesButtonClickable_5" duration-ms="30681" started-at="2022-10-16T07:46:18Z" depends-on-methods="allTests.UsefulLinksTests_5.verifyJavaInterviewButtonClickable_4" finished-at="2022-10-16T07:46:49Z">
          <reporter-output>
          </reporter-output>
        </test-method> <!-- verifyCoursesButtonClickable_5 -->
        <test-method status="PASS" signature="last()[pri:0, instance:allTests.UsefulLinksTests_5@4278a03f]" name="last" is-config="true" duration-ms="3551" started-at="2022-10-16T07:46:49Z" finished-at="2022-10-16T07:46:53Z">
          <reporter-output>
          </reporter-output>
        </test-method> <!-- last -->
        <test-method status="PASS" signature="SetUp()[pri:0, instance:allTests.UsefulLinksTests_5@4278a03f]" name="SetUp" is-config="true" duration-ms="11049" started-at="2022-10-16T07:46:53Z" finished-at="2022-10-16T07:47:04Z">
          <reporter-output>
          </reporter-output>
        </test-method> <!-- SetUp -->
        <test-method status="PASS" signature="verifyPlacementButtonClickable_6()[pri:0, instance:allTests.UsefulLinksTests_5@4278a03f]" name="verifyPlacementButtonClickable_6" duration-ms="19234" started-at="2022-10-16T07:47:04Z" depends-on-methods="allTests.UsefulLinksTests_5.verifyCoursesButtonClickable_5" finished-at="2022-10-16T07:47:23Z">
          <reporter-output>
          </reporter-output>
        </test-method> <!-- verifyPlacementButtonClickable_6 -->
        <test-method status="PASS" signature="last()[pri:0, instance:allTests.UsefulLinksTests_5@4278a03f]" name="last" is-config="true" duration-ms="2819" started-at="2022-10-16T07:47:23Z" finished-at="2022-10-16T07:47:26Z">
          <reporter-output>
          </reporter-output>
        </test-method> <!-- last -->
      </class> <!-- allTests.UsefulLinksTests_5 -->
      <class name="allTests.UsersTest_3">
        <test-method status="PASS" signature="setUp()[pri:0, instance:allTests.UsersTest_3@61dd025]" name="setUp" is-config="true" duration-ms="7560" started-at="2022-10-16T07:48:19Z" finished-at="2022-10-16T07:48:27Z">
          <reporter-output>
          </reporter-output>
        </test-method> <!-- setUp -->
        <test-method status="FAIL" signature="verifyAllUsersMaharashtra_4()[pri:0, instance:allTests.UsersTest_3@61dd025]" name="verifyAllUsersMaharashtra_4" duration-ms="119" started-at="2022-10-16T07:48:27Z" finished-at="2022-10-16T07:48:27Z">
          <exception class="java.lang.AssertionError">
            <message>
              <![CDATA[expected [true] but found [false]]]>
            </message>
            <full-stacktrace>
              <![CDATA[java.lang.AssertionError: expected [true] but found [false]
at org.testng.Assert.fail(Assert.java:96)
at org.testng.Assert.failNotEquals(Assert.java:776)
at org.testng.Assert.assertTrue(Assert.java:44)
at org.testng.Assert.assertTrue(Assert.java:54)
at allTests.UsersTest_3.verifyAllUsersMaharashtra_4(UsersTest_3.java:52)
at sun.reflect.NativeMethodAccessorImpl.invoke0(Native Method)
at sun.reflect.NativeMethodAccessorImpl.invoke(NativeMethodAccessorImpl.java:62)
at sun.reflect.DelegatingMethodAccessorImpl.invoke(DelegatingMethodAccessorImpl.java:43)
at java.lang.reflect.Method.invoke(Method.java:498)
at org.testng.internal.MethodInvocationHelper.invokeMethod(MethodInvocationHelper.java:124)
at org.testng.internal.Invoker.invokeMethod(Invoker.java:583)
at org.testng.internal.Invoker.invokeTestMethod(Invoker.java:719)
at org.testng.internal.Invoker.invokeTestMethods(Invoker.java:989)
at org.testng.internal.TestMethodWorker.invokeTestMethods(TestMethodWorker.java:125)
at org.testng.internal.TestMethodWorker.run(TestMethodWorker.java:109)
at org.testng.TestRunner.privateRun(TestRunner.java:648)
at org.testng.TestRunner.run(TestRunner.java:505)
at org.testng.SuiteRunner.runTest(SuiteRunner.java:455)
at org.testng.SuiteRunner.runSequentially(SuiteRunner.java:450)
at org.testng.SuiteRunner.privateRun(SuiteRunner.java:415)
at org.testng.SuiteRunner.run(SuiteRunner.java:364)
at org.testng.SuiteRunnerWorker.runSuite(SuiteRunnerWorker.java:52)
at org.testng.SuiteRunnerWorker.run(SuiteRunnerWorker.java:84)
at org.testng.TestNG.runSuitesSequentially(TestNG.java:1208)
at org.testng.TestNG.runSuitesLocally(TestNG.java:1137)
at org.testng.TestNG.runSuites(TestNG.java:1049)
at org.testng.TestNG.run(TestNG.java:1017)
at org.testng.remote.AbstractRemoteTestNG.run(AbstractRemoteTestNG.java:115)
at org.testng.remote.RemoteTestNG.initAndRun(RemoteTestNG.java:251)
at org.testng.remote.RemoteTestNG.main(RemoteTestNG.java:77)
]]>
            </full-stacktrace>
          </exception> <!-- java.lang.AssertionError -->
          <reporter-output>
          </reporter-output>
        </test-method> <!-- verifyAllUsersMaharashtra_4 -->
        <test-method status="PASS" signature="tearDown()[pri:0, instance:allTests.UsersTest_3@61dd025]" name="tearDown" is-config="true" duration-ms="2113" started-at="2022-10-16T07:48:27Z" finished-at="2022-10-16T07:48:29Z">
          <reporter-output>
          </reporter-output>
        </test-method> <!-- tearDown -->
        <test-method status="PASS" signature="setUp()[pri:0, instance:allTests.UsersTest_3@61dd025]" name="setUp" is-config="true" duration-ms="8016" started-at="2022-10-16T07:48:29Z" finished-at="2022-10-16T07:48:37Z">
          <reporter-output>
          </reporter-output>
        </test-method> <!-- setUp -->
        <test-method status="PASS" signature="verifyDeleteButton_5()[pri:0, instance:allTests.UsersTest_3@61dd025]" name="verifyDeleteButton_5" duration-ms="165" started-at="2022-10-16T07:48:37Z" finished-at="2022-10-16T07:48:37Z">
          <reporter-output>
          </reporter-output>
        </test-method> <!-- verifyDeleteButton_5 -->
        <test-method status="PASS" signature="tearDown()[pri:0, instance:allTests.UsersTest_3@61dd025]" name="tearDown" is-config="true" duration-ms="2289" started-at="2022-10-16T07:48:37Z" finished-at="2022-10-16T07:48:39Z">
          <reporter-output>
          </reporter-output>
        </test-method> <!-- tearDown -->
        <test-method status="PASS" signature="setUp()[pri:0, instance:allTests.UsersTest_3@61dd025]" name="setUp" is-config="true" duration-ms="7384" started-at="2022-10-16T07:48:39Z" finished-at="2022-10-16T07:48:47Z">
          <reporter-output>
          </reporter-output>
        </test-method> <!-- setUp -->
        <test-method status="PASS" signature="verifyEmailHasSpecialCharacter_1()[pri:0, instance:allTests.UsersTest_3@61dd025]" name="verifyEmailHasSpecialCharacter_1" duration-ms="178" started-at="2022-10-16T07:48:47Z" finished-at="2022-10-16T07:48:47Z">
          <reporter-output>
          </reporter-output>
        </test-method> <!-- verifyEmailHasSpecialCharacter_1 -->
        <test-method status="PASS" signature="tearDown()[pri:0, instance:allTests.UsersTest_3@61dd025]" name="tearDown" is-config="true" duration-ms="2078" started-at="2022-10-16T07:48:47Z" finished-at="2022-10-16T07:48:49Z">
          <reporter-output>
          </reporter-output>
        </test-method> <!-- tearDown -->
        <test-method status="PASS" signature="setUp()[pri:0, instance:allTests.UsersTest_3@61dd025]" name="setUp" is-config="true" duration-ms="7698" started-at="2022-10-16T07:48:49Z" finished-at="2022-10-16T07:48:57Z">
          <reporter-output>
          </reporter-output>
        </test-method> <!-- setUp -->
        <test-method status="FAIL" signature="verifyGenderMaleFemale_3()[pri:0, instance:allTests.UsersTest_3@61dd025]" name="verifyGenderMaleFemale_3" duration-ms="157" started-at="2022-10-16T07:48:57Z" finished-at="2022-10-16T07:48:57Z">
          <exception class="java.lang.AssertionError">
            <message>
              <![CDATA[expected [true] but found [false]]]>
            </message>
            <full-stacktrace>
              <![CDATA[java.lang.AssertionError: expected [true] but found [false]
at org.testng.Assert.fail(Assert.java:96)
at org.testng.Assert.failNotEquals(Assert.java:776)
at org.testng.Assert.assertTrue(Assert.java:44)
at org.testng.Assert.assertTrue(Assert.java:54)
at allTests.UsersTest_3.verifyGenderMaleFemale_3(UsersTest_3.java:46)
at sun.reflect.NativeMethodAccessorImpl.invoke0(Native Method)
at sun.reflect.NativeMethodAccessorImpl.invoke(NativeMethodAccessorImpl.java:62)
at sun.reflect.DelegatingMethodAccessorImpl.invoke(DelegatingMethodAccessorImpl.java:43)
at java.lang.reflect.Method.invoke(Method.java:498)
at org.testng.internal.MethodInvocationHelper.invokeMethod(MethodInvocationHelper.java:124)
at org.testng.internal.Invoker.invokeMethod(Invoker.java:583)
at org.testng.internal.Invoker.invokeTestMethod(Invoker.java:719)
at org.testng.internal.Invoker.invokeTestMethods(Invoker.java:989)
at org.testng.internal.TestMethodWorker.invokeTestMethods(TestMethodWorker.java:125)
at org.testng.internal.TestMethodWorker.run(TestMethodWorker.java:109)
at org.testng.TestRunner.privateRun(TestRunner.java:648)
at org.testng.TestRunner.run(TestRunner.java:505)
at org.testng.SuiteRunner.runTest(SuiteRunner.java:455)
at org.testng.SuiteRunner.runSequentially(SuiteRunner.java:450)
at org.testng.SuiteRunner.privateRun(SuiteRunner.java:415)
at org.testng.SuiteRunner.run(SuiteRunner.java:364)
at org.testng.SuiteRunnerWorker.runSuite(SuiteRunnerWorker.java:52)
at org.testng.SuiteRunnerWorker.run(SuiteRunnerWorker.java:84)
at org.testng.TestNG.runSuitesSequentially(TestNG.java:1208)
at org.testng.TestNG.runSuitesLocally(TestNG.java:1137)
at org.testng.TestNG.runSuites(TestNG.java:1049)
at org.testng.TestNG.run(TestNG.java:1017)
at org.testng.remote.AbstractRemoteTestNG.run(AbstractRemoteTestNG.java:115)
at org.testng.remote.RemoteTestNG.initAndRun(RemoteTestNG.java:251)
at org.testng.remote.RemoteTestNG.main(RemoteTestNG.java:77)
]]>
            </full-stacktrace>
          </exception> <!-- java.lang.AssertionError -->
          <reporter-output>
          </reporter-output>
        </test-method> <!-- verifyGenderMaleFemale_3 -->
        <test-method status="PASS" signature="tearDown()[pri:0, instance:allTests.UsersTest_3@61dd025]" name="tearDown" is-config="true" duration-ms="2158" started-at="2022-10-16T07:48:57Z" finished-at="2022-10-16T07:48:59Z">
          <reporter-output>
          </reporter-output>
        </test-method> <!-- tearDown -->
        <test-method status="PASS" signature="setUp()[pri:0, instance:allTests.UsersTest_3@61dd025]" name="setUp" is-config="true" duration-ms="9547" started-at="2022-10-16T07:48:59Z" finished-at="2022-10-16T07:49:09Z">
          <reporter-output>
          </reporter-output>
        </test-method> <!-- setUp -->
        <test-method status="FAIL" signature="verifyMobileHasTenDigits_2()[pri:0, instance:allTests.UsersTest_3@61dd025]" name="verifyMobileHasTenDigits_2" duration-ms="187" started-at="2022-10-16T07:49:09Z" finished-at="2022-10-16T07:49:09Z">
          <exception class="java.lang.AssertionError">
            <message>
              <![CDATA[expected [true] but found [false]]]>
            </message>
            <full-stacktrace>
              <![CDATA[java.lang.AssertionError: expected [true] but found [false]
at org.testng.Assert.fail(Assert.java:96)
at org.testng.Assert.failNotEquals(Assert.java:776)
at org.testng.Assert.assertTrue(Assert.java:44)
at org.testng.Assert.assertTrue(Assert.java:54)
at allTests.UsersTest_3.verifyMobileHasTenDigits_2(UsersTest_3.java:40)
at sun.reflect.NativeMethodAccessorImpl.invoke0(Native Method)
at sun.reflect.NativeMethodAccessorImpl.invoke(NativeMethodAccessorImpl.java:62)
at sun.reflect.DelegatingMethodAccessorImpl.invoke(DelegatingMethodAccessorImpl.java:43)
at java.lang.reflect.Method.invoke(Method.java:498)
at org.testng.internal.MethodInvocationHelper.invokeMethod(MethodInvocationHelper.java:124)
at org.testng.internal.Invoker.invokeMethod(Invoker.java:583)
at org.testng.internal.Invoker.invokeTestMethod(Invoker.java:719)
at org.testng.internal.Invoker.invokeTestMethods(Invoker.java:989)
at org.testng.internal.TestMethodWorker.invokeTestMethods(TestMethodWorker.java:125)
at org.testng.internal.TestMethodWorker.run(TestMethodWorker.java:109)
at org.testng.TestRunner.privateRun(TestRunner.java:648)
at org.testng.TestRunner.run(TestRunner.java:505)
at org.testng.SuiteRunner.runTest(SuiteRunner.java:455)
at org.testng.SuiteRunner.runSequentially(SuiteRunner.java:450)
at org.testng.SuiteRunner.privateRun(SuiteRunner.java:415)
at org.testng.SuiteRunner.run(SuiteRunner.java:364)
at org.testng.SuiteRunnerWorker.runSuite(SuiteRunnerWorker.java:52)
at org.testng.SuiteRunnerWorker.run(SuiteRunnerWorker.java:84)
at org.testng.TestNG.runSuitesSequentially(TestNG.java:1208)
at org.testng.TestNG.runSuitesLocally(TestNG.java:1137)
at org.testng.TestNG.runSuites(TestNG.java:1049)
at org.testng.TestNG.run(TestNG.java:1017)
at org.testng.remote.AbstractRemoteTestNG.run(AbstractRemoteTestNG.java:115)
at org.testng.remote.RemoteTestNG.initAndRun(RemoteTestNG.java:251)
at org.testng.remote.RemoteTestNG.main(RemoteTestNG.java:77)
]]>
            </full-stacktrace>
          </exception> <!-- java.lang.AssertionError -->
          <reporter-output>
          </reporter-output>
        </test-method> <!-- verifyMobileHasTenDigits_2 -->
        <test-method status="PASS" signature="tearDown()[pri:0, instance:allTests.UsersTest_3@61dd025]" name="tearDown" is-config="true" duration-ms="2230" started-at="2022-10-16T07:49:09Z" finished-at="2022-10-16T07:49:11Z">
          <reporter-output>
          </reporter-output>
        </test-method> <!-- tearDown -->
      </class> <!-- allTests.UsersTest_3 -->
    </test> <!-- Test -->
  </suite> <!-- Suite -->
</testng-results>
